[TAILING] Tailing last 15 lines for [www] process (change the value with --lines option)
/root/.pm2/logs/www-error-0.log last 15 lines:
0|www      |     at Function.process_params (/home/hanlifeng/github/RMS_WEB/node_modules/express/lib/router/index.js:335:12)
0|www      |     at next (/home/hanlifeng/github/RMS_WEB/node_modules/express/lib/router/index.js:275:10)
0|www      |     at /home/hanlifeng/github/RMS_WEB/app.js:37:3
0|www      |     at Layer.handle [as handle_request] (/home/hanlifeng/github/RMS_WEB/node_modules/express/lib/router/layer.js:95:5)
0|www      | Error: Failed to lookup view "error" in views directory "/home/hanlifeng/github/RMS_WEB/views"
0|www      |     at EventEmitter.render (/home/hanlifeng/github/RMS_WEB/node_modules/express/lib/application.js:580:17)
0|www      |     at ServerResponse.render (/home/hanlifeng/github/RMS_WEB/node_modules/express/lib/response.js:971:7)
0|www      |     at /home/hanlifeng/github/RMS_WEB/app.js:48:7
0|www      |     at Layer.handle_error (/home/hanlifeng/github/RMS_WEB/node_modules/express/lib/router/layer.js:71:5)
0|www      |     at trim_prefix (/home/hanlifeng/github/RMS_WEB/node_modules/express/lib/router/index.js:315:13)
0|www      |     at /home/hanlifeng/github/RMS_WEB/node_modules/express/lib/router/index.js:284:7
0|www      |     at Function.process_params (/home/hanlifeng/github/RMS_WEB/node_modules/express/lib/router/index.js:335:12)
0|www      |     at next (/home/hanlifeng/github/RMS_WEB/node_modules/express/lib/router/index.js:275:10)
0|www      |     at /home/hanlifeng/github/RMS_WEB/app.js:37:3
0|www      |     at Layer.handle [as handle_request] (/home/hanlifeng/github/RMS_WEB/node_modules/express/lib/router/layer.js:95:5)

/root/.pm2/logs/www-out-0.log last 15 lines:
0|www      | hanlfHost:ai1 2
0|www      | Alarm: hanlfHost:ai1.SEVR 1
0|www      | hanlfHost:ai1 3
0|www      | hanlfHost:ai1 4
0|www      | Alarm: hanlfHost:ai1.SEVR 0
0|www      | hanlfHost:ai1 5
0|www      | Alarm: hanlfHost:ai1.SEVR 1
0|www      | hanlfHost:ai1 6
0|www      | hanlfHost:ai1 7
0|www      | Alarm: hanlfHost:ai1.SEVR 2
0|www      | hanlfHost:ai1 8
0|www      | hanlfHost:ai1 9
0|www      | hanlfHost:ai1 0
0|www      | hanlfHost:ai1 1
0|www      | hanlfHost:ai1 2

[STREAMING] Now streaming realtime logs for [www] process
0|www      | Express server listening on port 9021
0|www      | Express server listening on port 9021
0|www      | Express server listening on port 9021
0|www      | Express server listening on port 9021
0|www      | Express server listening on port 9021
0|www      | Express server listening on port 9021
0|www      | Express server listening on port 9021
0|www      | Express server listening on port 9021
0|www      | Express server listening on port 9021
0|www      | Express server listening on port 9021
0|www      | Express server listening on port 9021
0|www      | Express server listening on port 9021
0|www      | Express server listening on port 9021
0|www      | Express server listening on port 9021
0|www      | Express server listening on port 9021
0|www      | Express server listening on port 9021
0|www      | Express server listening on port 9021
0|www      | Express server listening on port 9021
0|www      | hanlfHost:ai1 is connect
0|www      | hanlfHost:ai1.SEVR is connect
0|www      | Express server listening on port 9021
0|www      | Express server listening on port 9021
0|www      | Express server listening on port 9021
0|www      | Express server listening on port 9021
0|www      | Express server listening on port 9021
0|www      | Express server listening on port 9021
0|www      | Express server listening on port 9021
